{"code":8000,"codeName":"AtlasError","connectionGeneration":0,"errorLabelSet":{},"errorResponse":{"code":8000,"codeName":"AtlasError","errmsg":"bad auth : authentication failed","ok":0},"level":"error","message":"MongoDB connection failed: bad auth : authentication failed","ok":0,"service":"tourmate-ai-backend","stack":"MongoServerError: bad auth : authentication failed\n    at Connection.sendCommand (C:\\Users\\Dell\\TourMate-AI\\backend\\node_modules\\mongodb\\lib\\cmap\\connection.js:305:27)\n    at process.processTicksAndRejections (node:internal/process/task_queues:105:5)\n    at async Connection.command (C:\\Users\\Dell\\TourMate-AI\\backend\\node_modules\\mongodb\\lib\\cmap\\connection.js:333:26)\n    at async continueScramConversation (C:\\Users\\Dell\\TourMate-AI\\backend\\node_modules\\mongodb\\lib\\cmap\\auth\\scram.js:131:15)\n    at async executeScram (C:\\Users\\Dell\\TourMate-AI\\backend\\node_modules\\mongodb\\lib\\cmap\\auth\\scram.js:80:5)\n    at async ScramSHA1.auth (C:\\Users\\Dell\\TourMate-AI\\backend\\node_modules\\mongodb\\lib\\cmap\\auth\\scram.js:39:16)\n    at async performInitialHandshake (C:\\Users\\Dell\\TourMate-AI\\backend\\node_modules\\mongodb\\lib\\cmap\\connect.js:104:13)\n    at async connect (C:\\Users\\Dell\\TourMate-AI\\backend\\node_modules\\mongodb\\lib\\cmap\\connect.js:24:9)","timestamp":"2025-06-29 02:04:17"}
{"code":8000,"codeName":"AtlasError","connectionGeneration":0,"errorLabelSet":{},"errorResponse":{"code":8000,"codeName":"AtlasError","errmsg":"bad auth : authentication failed","ok":0},"level":"error","message":"MongoDB connection failed: bad auth : authentication failed","ok":0,"service":"tourmate-ai-backend","stack":"MongoServerError: bad auth : authentication failed\n    at Connection.sendCommand (C:\\Users\\Dell\\TourMate-AI\\backend\\node_modules\\mongodb\\lib\\cmap\\connection.js:305:27)\n    at process.processTicksAndRejections (node:internal/process/task_queues:105:5)\n    at async Connection.command (C:\\Users\\Dell\\TourMate-AI\\backend\\node_modules\\mongodb\\lib\\cmap\\connection.js:333:26)\n    at async continueScramConversation (C:\\Users\\Dell\\TourMate-AI\\backend\\node_modules\\mongodb\\lib\\cmap\\auth\\scram.js:131:15)\n    at async executeScram (C:\\Users\\Dell\\TourMate-AI\\backend\\node_modules\\mongodb\\lib\\cmap\\auth\\scram.js:80:5)\n    at async ScramSHA1.auth (C:\\Users\\Dell\\TourMate-AI\\backend\\node_modules\\mongodb\\lib\\cmap\\auth\\scram.js:39:16)\n    at async performInitialHandshake (C:\\Users\\Dell\\TourMate-AI\\backend\\node_modules\\mongodb\\lib\\cmap\\connect.js:104:13)\n    at async connect (C:\\Users\\Dell\\TourMate-AI\\backend\\node_modules\\mongodb\\lib\\cmap\\connect.js:24:9)","timestamp":"2025-06-29 02:05:56"}
{"code":8000,"codeName":"AtlasError","connectionGeneration":0,"errorLabelSet":{},"errorResponse":{"code":8000,"codeName":"AtlasError","errmsg":"bad auth : authentication failed","ok":0},"level":"error","message":"MongoDB connection failed: bad auth : authentication failed","ok":0,"service":"tourmate-ai-backend","stack":"MongoServerError: bad auth : authentication failed\n    at Connection.sendCommand (C:\\Users\\Dell\\TourMate-AI\\backend\\node_modules\\mongodb\\lib\\cmap\\connection.js:305:27)\n    at process.processTicksAndRejections (node:internal/process/task_queues:105:5)\n    at async Connection.command (C:\\Users\\Dell\\TourMate-AI\\backend\\node_modules\\mongodb\\lib\\cmap\\connection.js:333:26)\n    at async continueScramConversation (C:\\Users\\Dell\\TourMate-AI\\backend\\node_modules\\mongodb\\lib\\cmap\\auth\\scram.js:131:15)\n    at async executeScram (C:\\Users\\Dell\\TourMate-AI\\backend\\node_modules\\mongodb\\lib\\cmap\\auth\\scram.js:80:5)\n    at async ScramSHA1.auth (C:\\Users\\Dell\\TourMate-AI\\backend\\node_modules\\mongodb\\lib\\cmap\\auth\\scram.js:39:16)\n    at async performInitialHandshake (C:\\Users\\Dell\\TourMate-AI\\backend\\node_modules\\mongodb\\lib\\cmap\\connect.js:104:13)\n    at async connect (C:\\Users\\Dell\\TourMate-AI\\backend\\node_modules\\mongodb\\lib\\cmap\\connect.js:24:9)","timestamp":"2025-06-29 02:08:35"}
{"level":"info","message":"✅ MongoDB connected successfully","service":"tourmate-ai-backend","timestamp":"2025-06-29 02:10:17"}
{"level":"info","message":"🔄 Connecting to Redis...","service":"tourmate-ai-backend","timestamp":"2025-06-29 02:10:18"}
{"level":"info","message":"✅ Redis connected successfully","service":"tourmate-ai-backend","timestamp":"2025-06-29 02:10:18"}
{"level":"info","message":"🚀 TourMate-AI Backend Server running on port 5000","service":"tourmate-ai-backend","timestamp":"2025-06-29 02:10:18"}
{"level":"info","message":"📊 Environment: development","service":"tourmate-ai-backend","timestamp":"2025-06-29 02:10:18"}
{"level":"info","message":"🔗 Health check: http://localhost:5000/health","service":"tourmate-ai-backend","timestamp":"2025-06-29 02:10:18"}
{"level":"info","message":"📚 API docs: http://localhost:5000/api","service":"tourmate-ai-backend","timestamp":"2025-06-29 02:10:18"}
{"level":"warn","message":"MongoDB disconnected","service":"tourmate-ai-backend","timestamp":"2025-06-29 02:12:02"}
{"level":"info","message":"✅ MongoDB connected successfully","service":"tourmate-ai-backend","timestamp":"2025-06-29 02:13:18"}
{"level":"info","message":"🔄 Connecting to Redis...","service":"tourmate-ai-backend","timestamp":"2025-06-29 02:13:19"}
{"level":"info","message":"✅ Redis connected successfully","service":"tourmate-ai-backend","timestamp":"2025-06-29 02:13:19"}
{"level":"info","message":"🚀 TourMate-AI Backend Server running on port 5000","service":"tourmate-ai-backend","timestamp":"2025-06-29 02:13:19"}
{"level":"info","message":"📊 Environment: development","service":"tourmate-ai-backend","timestamp":"2025-06-29 02:13:19"}
{"level":"info","message":"🔗 Health check: http://localhost:5000/health","service":"tourmate-ai-backend","timestamp":"2025-06-29 02:13:19"}
{"level":"info","message":"📚 API docs: http://localhost:5000/api","service":"tourmate-ai-backend","timestamp":"2025-06-29 02:13:19"}
{"level":"info","message":"✅ MongoDB connected successfully","service":"tourmate-ai-backend","timestamp":"2025-06-29 02:14:54"}
{"level":"info","message":"🔄 Connecting to Redis...","service":"tourmate-ai-backend","timestamp":"2025-06-29 02:14:54"}
{"level":"info","message":"✅ Redis connected successfully","service":"tourmate-ai-backend","timestamp":"2025-06-29 02:14:54"}
{"level":"warn","message":"MongoDB disconnected","service":"tourmate-ai-backend","timestamp":"2025-06-29 02:15:47"}
